<?xml version="1.0" encoding="UTF-8"?>
<!-- Generated by org.testng.reporters.JUnitReportReporter -->
<testsuite hostname="SYSTEM" failures="0" tests="6" name="testPackage.TestClassTNG" time="0.054" errors="0" timestamp="2023-03-10T12:21:14 IST" skipped="0">
  <testcase classname="testPackage.TestClassTNG" name="test2" time="0.011"/>
  <system-out/>
  <testcase classname="testPackage.TestClassTNG" name="test3" time="0.009"/>
  <system-out/>
  <testcase classname="testPackage.TestClassTNG" name="test1" time="0.020"/>
  <system-out/>
  <testcase classname="testPackage.TestClassTNG" name="test2" time="0.004"/>
  <system-out/>
  <testcase classname="testPackage.TestClassTNG" name="test1" time="0.006"/>
  <system-out/>
  <testcase classname="testPackage.TestClassTNG" name="test3" time="0.004"/>
  <system-out/>
</testsuite> <!-- testPackage.TestClassTNG -->
