<?xml version="1.0" encoding="UTF-8"?>
<!-- Generated by org.testng.reporters.JUnitReportReporter -->
<testsuite hostname="SYSTEM" failures="0" tests="4" name="testPackage.TestClassTNG2" time="0.054" errors="0" timestamp="2023-03-10T12:21:14 IST" skipped="0">
  <testcase classname="testPackage.TestClassTNG2" name="test1" time="0.028"/>
  <system-out/>
  <testcase classname="testPackage.TestClassTNG2" name="test1" time="0.003"/>
  <system-out/>
  <testcase classname="testPackage.TestClassTNG2" name="test2" time="0.004"/>
  <system-out/>
  <testcase classname="testPackage.TestClassTNG2" name="test2" time="0.019"/>
  <system-out/>
</testsuite> <!-- testPackage.TestClassTNG2 -->
